<?xml version="1.0" encoding="UTF-8"?>
<testsuite name="Regression"
           tests="54"
           failures="1"
           errors="0"
           skipped="0"
           time="983.072">
  <properties />
            <testcase name="ApplicationTest" time="4.060" classname="Module.ScrutinyApprove">
                <failure type="org.openqa.selenium.WebDriverException"
                  message="chrome not reachable
  (Session info: chrome=62.0.3202.62)
  (Driver info: chromedriver=2.33.506120 (e3e53437346286c0bc2d2dc9aa4915ba81d9023f),platform=Windows NT 6.1.7601 SP1 x86_64) (WARNING: The server did not provide any stacktrace information)
Command duration or timeout: 4.05 seconds
Build info: version: &apos;unknown&apos;, revision: &apos;5234b32&apos;, time: &apos;2017-03-10 09:00:17 -0800&apos;
System info: host: &apos;SEPL039&apos;, ip: &apos;192.168.1.194&apos;, os.name: &apos;Windows 7&apos;, os.arch: &apos;x86&apos;, os.version: &apos;6.1&apos;, java.version: &apos;1.8.0_144&apos;
Driver info: org.openqa.selenium.chrome.ChromeDriver
Capabilities [{applicationCacheEnabled=false, rotatable=false, mobileEmulationEnabled=false, networkConnectionEnabled=false, chrome={chromedriverVersion=2.33.506120 (e3e53437346286c0bc2d2dc9aa4915ba81d9023f), userDataDir=C:\Users\AKSHAY~1.POK\AppData\Local\Temp\scoped_dir10536_20023}, takesHeapSnapshot=true, pageLoadStrategy=normal, databaseEnabled=false, handlesAlerts=true, hasTouchScreen=false, version=62.0.3202.62, platform=XP, browserConnectionEnabled=false, nativeEvents=true, acceptSslCerts=true, locationContextEnabled=true, webStorageEnabled=true, browserName=chrome, takesScreenshot=true, javascriptEnabled=true, cssSelectorsEnabled=true, setWindowRect=true, unexpectedAlertBehaviour=}]
Session ID: 467547b18a3acf6ee271ff359b4c43d3
*** Element info: {Using=xpath, value=.//*[@id=&apos;btnReport&apos;]}"
              >
<![CDATA[org.openqa.selenium.WebDriverException: chrome not reachable
  (Session info: chrome=62.0.3202.62)
  (Driver info: chromedriver=2.33.506120 (e3e53437346286c0bc2d2dc9aa4915ba81d9023f),platform=Windows NT 6.1.7601 SP1 x86_64) (WARNING: The server did not provide any stacktrace information)
Command duration or timeout: 4.05 seconds
Build info: version: 'unknown', revision: '5234b32', time: '2017-03-10 09:00:17 -0800'
System info: host: 'SEPL039', ip: '192.168.1.194', os.name: 'Windows 7', os.arch: 'x86', os.version: '6.1', java.version: '1.8.0_144'
Driver info: org.openqa.selenium.chrome.ChromeDriver
Capabilities [{applicationCacheEnabled=false, rotatable=false, mobileEmulationEnabled=false, networkConnectionEnabled=false, chrome={chromedriverVersion=2.33.506120 (e3e53437346286c0bc2d2dc9aa4915ba81d9023f), userDataDir=C:\Users\AKSHAY~1.POK\AppData\Local\Temp\scoped_dir10536_20023}, takesHeapSnapshot=true, pageLoadStrategy=normal, databaseEnabled=false, handlesAlerts=true, hasTouchScreen=false, version=62.0.3202.62, platform=XP, browserConnectionEnabled=false, nativeEvents=true, acceptSslCerts=true, locationContextEnabled=true, webStorageEnabled=true, browserName=chrome, takesScreenshot=true, javascriptEnabled=true, cssSelectorsEnabled=true, setWindowRect=true, unexpectedAlertBehaviour=}]
Session ID: 467547b18a3acf6ee271ff359b4c43d3
*** Element info: {Using=xpath, value=.//*[@id='btnReport']}
  sun.reflect.NativeConstructorAccessorImpl.newInstance0(Native Method)
  sun.reflect.NativeConstructorAccessorImpl.newInstance(NativeConstructorAccessorImpl.java:62)
  sun.reflect.DelegatingConstructorAccessorImpl.newInstance(DelegatingConstructorAccessorImpl.java:45)
  java.lang.reflect.Constructor.newInstance(Constructor.java:423)
  org.openqa.selenium.remote.ErrorHandler.createThrowable(ErrorHandler.java:216)
  org.openqa.selenium.remote.ErrorHandler.throwIfResponseFailed(ErrorHandler.java:168)
  org.openqa.selenium.remote.RemoteWebDriver.execute(RemoteWebDriver.java:638)
  org.openqa.selenium.remote.RemoteWebDriver.findElement(RemoteWebDriver.java:371)
  org.openqa.selenium.remote.RemoteWebDriver.findElementByXPath(RemoteWebDriver.java:476)
  org.openqa.selenium.By$ByXPath.findElement(By.java:361)
  org.openqa.selenium.remote.RemoteWebDriver.findElement(RemoteWebDriver.java:363)
  Module.ScrutinyApprove.ApplicationTest(ScrutinyApprove.java:827)
  sun.reflect.GeneratedMethodAccessor4.invoke(Unknown Source)
  sun.reflect.DelegatingMethodAccessorImpl.invoke(DelegatingMethodAccessorImpl.java:43)
  java.lang.reflect.Method.invoke(Method.java:498)
  org.testng.internal.MethodInvocationHelper.invokeMethod(MethodInvocationHelper.java:85)
  org.testng.internal.Invoker.invokeMethod(Invoker.java:639)
  org.testng.internal.Invoker.invokeTestMethod(Invoker.java:816)
  org.testng.internal.Invoker.invokeTestMethods(Invoker.java:1124)
  org.testng.internal.TestMethodWorker.invokeTestMethods(TestMethodWorker.java:125)
  org.testng.internal.TestMethodWorker.run(TestMethodWorker.java:108)
  org.testng.TestRunner.privateRun(TestRunner.java:774)
  org.testng.TestRunner.run(TestRunner.java:624)
  org.testng.SuiteRunner.runTest(SuiteRunner.java:359)
  org.testng.SuiteRunner.runSequentially(SuiteRunner.java:354)
  org.testng.SuiteRunner.privateRun(SuiteRunner.java:312)
  org.testng.SuiteRunner.run(SuiteRunner.java:261)
  org.testng.SuiteRunnerWorker.runSuite(SuiteRunnerWorker.java:52)
  org.testng.SuiteRunnerWorker.run(SuiteRunnerWorker.java:86)
  org.testng.TestNG.runSuitesSequentially(TestNG.java:1215)
  org.testng.TestNG.runSuitesLocally(TestNG.java:1140)
  org.testng.TestNG.run(TestNG.java:1048)
  org.testng.IDEARemoteTestNG.run(IDEARemoteTestNG.java:72)
  org.testng.RemoteTestNGStarter.main(RemoteTestNGStarter.java:127)
]]>
      </failure>

          </testcase>
  
  
            <testcase name="ApplicationTest" time="38.434" classname="Module.ScrutinyApprove" />
                <testcase name="ApplicationTest" time="0.133" classname="Module.ScrutinyApprove" />
                <testcase name="ApplicationTest" time="2.093" classname="Module.ScrutinyApprove" />
                <testcase name="ApplicationTest" time="0.925" classname="Module.ScrutinyApprove" />
                <testcase name="ApplicationTest" time="5.226" classname="Module.ScrutinyApprove" />
                <testcase name="ApplicationTest" time="26.971" classname="Module.ScrutinyApprove" />
                <testcase name="ApplicationTest" time="2.050" classname="Module.ScrutinyApprove" />
                <testcase name="ApplicationTest" time="0.594" classname="Module.ScrutinyApprove" />
                <testcase name="ApplicationTest" time="17.941" classname="Module.ScrutinyApprove" />
                <testcase name="ApplicationTest" time="6.944" classname="Module.ScrutinyApprove" />
                <testcase name="ApplicationTest" time="14.493" classname="Module.ScrutinyApprove" />
                <testcase name="ApplicationTest" time="1.047" classname="Module.ScrutinyApprove" />
                <testcase name="ApplicationTest" time="5.125" classname="Module.ScrutinyApprove" />
                <testcase name="ApplicationTest" time="0.587" classname="Module.ScrutinyApprove" />
                <testcase name="ApplicationTest" time="0.000" classname="Module.ScrutinyApprove" />
                <testcase name="ApplicationTest" time="5.541" classname="Module.ScrutinyApprove" />
                <testcase name="ApplicationTest" time="0.539" classname="Module.ScrutinyApprove" />
                <testcase name="ApplicationTest" time="27.656" classname="Module.ScrutinyApprove" />
                <testcase name="ApplicationTest" time="3.608" classname="Module.ScrutinyApprove" />
                <testcase name="ApplicationTest" time="16.152" classname="Module.ScrutinyApprove" />
                <testcase name="ApplicationTest" time="2.397" classname="Module.ScrutinyApprove" />
                <testcase name="ApplicationTest" time="2.057" classname="Module.ScrutinyApprove" />
                <testcase name="ApplicationTest" time="0.090" classname="Module.ScrutinyApprove" />
                <testcase name="ApplicationTest" time="0.540" classname="Module.ScrutinyApprove" />
                <testcase name="ApplicationTest" time="18.819" classname="Module.ScrutinyApprove" />
                <testcase name="ApplicationTest" time="2.455" classname="Module.ScrutinyApprove" />
                <testcase name="ApplicationTest" time="5.431" classname="Module.ScrutinyApprove" />
                <testcase name="ApplicationTest" time="2.049" classname="Module.ScrutinyApprove" />
                <testcase name="ApplicationTest" time="5.820" classname="Module.ScrutinyApprove" />
                <testcase name="ApplicationTest" time="51.161" classname="Module.ScrutinyApprove" />
                <testcase name="ApplicationTest" time="2.363" classname="Module.ScrutinyApprove" />
                <testcase name="ApplicationTest" time="0.913" classname="Module.ScrutinyApprove" />
                <testcase name="ApplicationTest" time="5.263" classname="Module.ScrutinyApprove" />
                <testcase name="ApplicationTest" time="600.080" classname="Module.ScrutinyApprove" />
                <testcase name="ApplicationTest" time="5.296" classname="Module.ScrutinyApprove" />
                <testcase name="ApplicationTest" time="6.891" classname="Module.ScrutinyApprove" />
                <testcase name="ApplicationTest" time="5.196" classname="Module.ScrutinyApprove" />
                <testcase name="ApplicationTest" time="0.099" classname="Module.ScrutinyApprove" />
                <testcase name="ApplicationTest" time="0.118" classname="Module.ScrutinyApprove" />
                <testcase name="ApplicationTest" time="5.225" classname="Module.ScrutinyApprove" />
                <testcase name="ApplicationTest" time="13.910" classname="Module.ScrutinyApprove" />
                <testcase name="ApplicationTest" time="3.492" classname="Module.ScrutinyApprove" />
                <testcase name="ApplicationTest" time="5.275" classname="Module.ScrutinyApprove" />
                <testcase name="ApplicationTest" time="0.900" classname="Module.ScrutinyApprove" />
                <testcase name="ApplicationTest" time="10.005" classname="Module.ScrutinyApprove" />
                <testcase name="ApplicationTest" time="3.206" classname="Module.ScrutinyApprove" />
                <testcase name="ApplicationTest" time="4.106" classname="Module.ScrutinyApprove" />
                <testcase name="ApplicationTest" time="3.160" classname="Module.ScrutinyApprove" />
                <testcase name="ApplicationTest" time="3.599" classname="Module.ScrutinyApprove" />
                <testcase name="ApplicationTest" time="0.561" classname="Module.ScrutinyApprove" />
                <testcase name="ApplicationTest" time="0.908" classname="Module.ScrutinyApprove" />
                <testcase name="ApplicationTest" time="31.479" classname="Module.ScrutinyApprove" />
                <testcase name="ApplicationTest" time="0.089" classname="Module.ScrutinyApprove" />
      
</testsuite>
