<?xml version="1.0" encoding="UTF-8"?>
<testsuite name="Regression"
           tests="49"
           failures="0"
           errors="0"
           skipped="0"
           time="420.987">
  <properties />
  
  
            <testcase name="ApplicationTest" time="0.199" classname="Module.cc" />
                <testcase name="ApplicationTest" time="0.222" classname="Module.cc" />
                <testcase name="ApplicationTest" time="31.580" classname="Module.cc" />
                <testcase name="ApplicationTest" time="0.567" classname="Module.cc" />
                <testcase name="ApplicationTest" time="0.644" classname="Module.cc" />
                <testcase name="ApplicationTest" time="13.016" classname="Module.cc" />
                <testcase name="ApplicationTest" time="0.254" classname="Module.cc" />
                <testcase name="ApplicationTest" time="3.821" classname="Module.cc" />
                <testcase name="ApplicationTest" time="0.547" classname="Module.cc" />
                <testcase name="ApplicationTest" time="0.247" classname="Module.cc" />
                <testcase name="ApplicationTest" time="156.012" classname="Module.cc" />
                <testcase name="ApplicationTest" time="0.335" classname="Module.cc" />
                <testcase name="ApplicationTest" time="0.442" classname="Module.cc" />
                <testcase name="ApplicationTest" time="6.360" classname="Module.cc" />
                <testcase name="ApplicationTest" time="2.226" classname="Module.cc" />
                <testcase name="ApplicationTest" time="1.777" classname="Module.cc" />
                <testcase name="ApplicationTest" time="0.251" classname="Module.cc" />
                <testcase name="ApplicationTest" time="3.749" classname="Module.cc" />
                <testcase name="ApplicationTest" time="13.686" classname="Module.cc" />
                <testcase name="ApplicationTest" time="9.008" classname="Module.cc" />
                <testcase name="ApplicationTest" time="9.312" classname="Module.cc" />
                <testcase name="ApplicationTest" time="2.227" classname="Module.cc" />
                <testcase name="ApplicationTest" time="0.100" classname="Module.cc" />
                <testcase name="ApplicationTest" time="15.435" classname="Module.cc" />
                <testcase name="ApplicationTest" time="0.000" classname="Module.cc" />
                <testcase name="ApplicationTest" time="3.765" classname="Module.cc" />
                <testcase name="ApplicationTest" time="1.742" classname="Module.cc" />
                <testcase name="ApplicationTest" time="0.361" classname="Module.cc" />
                <testcase name="ApplicationTest" time="5.203" classname="Module.cc" />
                <testcase name="ApplicationTest" time="29.007" classname="Module.cc" />
                <testcase name="ApplicationTest" time="28.584" classname="Module.cc" />
                <testcase name="ApplicationTest" time="2.221" classname="Module.cc" />
                <testcase name="ApplicationTest" time="2.059" classname="Module.cc" />
                <testcase name="ApplicationTest" time="2.235" classname="Module.cc" />
                <testcase name="ApplicationTest" time="0.231" classname="Module.cc" />
                <testcase name="ApplicationTest" time="0.503" classname="Module.cc" />
                <testcase name="ApplicationTest" time="4.804" classname="Module.cc" />
                <testcase name="ApplicationTest" time="18.365" classname="Module.cc" />
                <testcase name="ApplicationTest" time="16.792" classname="Module.cc" />
                <testcase name="ApplicationTest" time="0.402" classname="Module.cc" />
                <testcase name="ApplicationTest" time="3.236" classname="Module.cc" />
                <testcase name="ApplicationTest" time="0.409" classname="Module.cc" />
                <testcase name="ApplicationTest" time="2.249" classname="Module.cc" />
                <testcase name="ApplicationTest" time="0.366" classname="Module.cc" />
                <testcase name="ApplicationTest" time="0.846" classname="Module.cc" />
                <testcase name="ApplicationTest" time="0.182" classname="Module.cc" />
                <testcase name="ApplicationTest" time="15.451" classname="Module.cc" />
                <testcase name="ApplicationTest" time="9.790" classname="Module.cc" />
                <testcase name="ApplicationTest" time="0.167" classname="Module.cc" />
      
</testsuite>
